
D:\ws-luna\ttt>dir /d    
 Volume in drive D is New Volume
 Volume Serial Number is 84EC-D736

 Directory of D:\ws-luna\ttt

[.]          .cache       .project     1.out        [src]        
[..]         .classpath   [.settings]  [bin]        
               4 File(s)          9,677 bytes
               5 Dir(s)  114,372,636,672 bytes free

D:\ws-luna\ttt>dir /d    
 Volume in drive D is New Volume
 Volume Serial Number is 84EC-D736

 Directory of D:\ws-luna\ttt

[.]          .cache       .project     1.out        [src]        
[..]         .classpath   [.settings]  [bin]        
               4 File(s)         10,031 bytes
               5 Dir(s)  114,372,636,672 bytes free

D:\ws-luna\ttt>dir /d    
 Volume in drive D is New Volume
 Volume Serial Number is 84EC-D736

 Directory of D:\ws-luna\ttt

[.]          .cache       .project     1.out        [src]        
[..]         .classpath   [.settings]  [bin]        
               4 File(s)         10,385 bytes
               5 Dir(s)  114,372,632,576 bytes free

D:\ws-luna\ttt>dir /d    
 Volume in drive D is New Volume
 Volume Serial Number is 84EC-D736

 Directory of D:\ws-luna\ttt

[.]          .cache       .project     1.out        [src]        
[..]         .classpath   [.settings]  [bin]        
               4 File(s)         10,749 bytes
               5 Dir(s)  114,372,083,712 bytes free

D:\ws-luna\ttt>dir /d    
 Volume in drive D is New Volume
 Volume Serial Number is 84EC-D736

 Directory of D:\ws-luna\ttt

[.]          .cache       .project     1.out        [src]        
[..]         .classpath   [.settings]  [bin]        
               4 File(s)         11,118 bytes
               5 Dir(s)  114,372,083,712 bytes free

D:\ws-luna\ttt>dir /d    
 Volume in drive D is New Volume
 Volume Serial Number is 84EC-D736

 Directory of D:\ws-luna\ttt

[.]          .cache       .project     1.out        [src]        
[..]         .classpath   [.settings]  [bin]        
               4 File(s)         11,770 bytes
               5 Dir(s)  114,372,071,424 bytes free

D:\ws-luna\ttt>dir /d    
 Volume in drive D is New Volume
 Volume Serial Number is 84EC-D736

 Directory of D:\ws-luna\ttt

[.]          .cache       .project     1.out        [src]        
[..]         .classpath   [.settings]  [bin]        
               4 File(s)         12,127 bytes
               5 Dir(s)  114,372,071,424 bytes free

D:\ws-luna\ttt>dir /d    
 Volume in drive D is New Volume
 Volume Serial Number is 84EC-D736

 Directory of D:\ws-luna\ttt

[.]          .cache       .project     1.out        [src]        
[..]         .classpath   [.settings]  [bin]        
               4 File(s)         12,481 bytes
               5 Dir(s)  114,372,071,424 bytes free

D:\ws-luna\ttt>dir /d    
 Volume in drive D is New Volume
 Volume Serial Number is 84EC-D736

 Directory of D:\ws-luna\ttt

[.]          .cache       .project     1.out        [src]        
[..]         .classpath   [.settings]  [bin]        
               4 File(s)         12,577 bytes
               5 Dir(s)  114,372,071,424 bytes free

D:\ws-luna\ttt>dir /d    
 Volume in drive D is New Volume
 Volume Serial Number is 84EC-D736

 Directory of D:\ws-luna\ttt

[.]          .cache       .project     1.out        [src]        
[..]         .classpath   [.settings]  [bin]        
               4 File(s)         13,527 bytes
               5 Dir(s)  114,369,695,744 bytes free

D:\ws-luna\ttt>dir /d    
 Volume in drive D is New Volume
 Volume Serial Number is 84EC-D736

 Directory of D:\ws-luna\ttt

[.]          .cache       .project     1.out        [src]        
[..]         .classpath   [.settings]  [bin]        
               4 File(s)         13,794 bytes
               5 Dir(s)  114,369,167,360 bytes free

D:\ws-luna\ttt>dir /d    
 Volume in drive D is New Volume
 Volume Serial Number is 84EC-D736

 Directory of D:\ws-luna\ttt

[.]          .cache       .project     1.out        [src]        
[..]         .classpath   [.settings]  [bin]        
               4 File(s)         14,274 bytes
               5 Dir(s)  114,369,093,632 bytes free

D:\ws-luna\ttt>dir /d    
 Volume in drive D is New Volume
 Volume Serial Number is 84EC-D736

 Directory of D:\ws-luna\ttt

[.]          .cache       .project     1.out        [src]        
[..]         .classpath   [.settings]  [bin]        
               4 File(s)         14,630 bytes
               5 Dir(s)  114,369,081,344 bytes free

D:\ws-luna\ttt>dir /d    
 Volume in drive D is New Volume
 Volume Serial Number is 84EC-D736

 Directory of D:\ws-luna\ttt

[.]          .cache       .project     1.out        [src]        
[..]         .classpath   [.settings]  [bin]        
               4 File(s)         15,411 bytes
               5 Dir(s)  114,366,570,496 bytes free

D:\ws-luna\ttt>dir /d    
 Volume in drive D is New Volume
 Volume Serial Number is 84EC-D736

 Directory of D:\ws-luna\ttt

[.]          .cache       .project     1.out        [src]        
[..]         .classpath   [.settings]  [bin]        
               4 File(s)         15,787 bytes
               5 Dir(s)  114,366,566,400 bytes free

D:\ws-luna\ttt>dir /d    
 Volume in drive D is New Volume
 Volume Serial Number is 84EC-D736

 Directory of D:\ws-luna\ttt

[.]          .cache       .project     1.out        [src]        
[..]         .classpath   [.settings]  [bin]        
               4 File(s)         16,605 bytes
               5 Dir(s)  114,365,575,168 bytes free

D:\ws-luna\ttt>dir /d    
 Volume in drive D is New Volume
 Volume Serial Number is 84EC-D736

 Directory of D:\ws-luna\ttt

[.]          .cache       .project     1.out        [src]        
[..]         .classpath   [.settings]  [bin]        
               4 File(s)         16,977 bytes
               5 Dir(s)  114,365,562,880 bytes free

D:\ws-luna\ttt>dir /d    
 Volume in drive D is New Volume
 Volume Serial Number is 84EC-D736

 Directory of D:\ws-luna\ttt

[.]          .cache       .project     1.out        [src]        
[..]         .classpath   [.settings]  [bin]        
               4 File(s)         17,330 bytes
               5 Dir(s)  114,365,558,784 bytes free

D:\ws-luna\ttt>dir /d    
 Volume in drive D is New Volume
 Volume Serial Number is 84EC-D736

 Directory of D:\ws-luna\ttt

[.]          .cache       .project     1.out        [src]        
[..]         .classpath   [.settings]  [bin]        
               4 File(s)         17,699 bytes
               5 Dir(s)  114,365,546,496 bytes free
